{"name":"log","hostname":"Chronos","pid":6306,"level":30,"msg":"app ready","time":"2020-10-29T08:13:16.932Z","v":0}
{"name":"log","hostname":"Chronos","pid":6306,"level":30,"msg":"starting version 1.37.2","time":"2020-10-29T08:13:16.933Z","v":0}
{"name":"log","hostname":"Chronos","pid":6306,"level":30,"msg":"updateSchema:\n  Current user_version: 21;\n  Most recent db schema: 21;\n  SQLite version: 3.30.1;\n  SQLCipher version: 4.3.0 community;\n  (deprecated) schema_version: 109;\n","time":"2020-10-29T08:13:16.991Z","v":0}
{"name":"log","hostname":"Chronos","pid":6306,"level":30,"msg":"Initializing BrowserWindow config: {\"show\":true,\"width\":835,\"height\":1027,\"minWidth\":680,\"minHeight\":550,\"autoHideMenuBar\":true,\"backgroundColor\":\"#3a76f0\",\"webPreferences\":{\"nodeIntegration\":false,\"nodeIntegrationInWorker\":false,\"contextIsolation\":false,\"preload\":\"/usr/lib/signal-desktop/resources/app.asar/preload.js\",\"nativeWindowOpen\":true,\"spellcheck\":true,\"backgroundThrottling\":false},\"icon\":\"/usr/lib/signal-desktop/resources/app.asar/images/signal-logo-desktop-linux.png\",\"x\":1066,\"y\":34}","time":"2020-10-29T08:13:17.026Z","v":0}
{"name":"log","hostname":"Chronos","pid":6306,"level":30,"msg":"spellcheck: user locale: it-IT","time":"2020-10-29T08:13:17.205Z","v":0}
{"name":"log","hostname":"Chronos","pid":6306,"level":30,"msg":"spellcheck: available spellchecker languages:  [\"af\",\"bg\",\"ca\",\"cs\",\"cy\",\"da\",\"de\",\"el\",\"en-AU\",\"en-CA\",\"en-GB\",\"en-US\",\"es\",\"es-419\",\"es-AR\",\"es-ES\",\"es-MX\",\"es-US\",\"et\",\"fa\",\"fo\",\"fr\",\"he\",\"hi\",\"hr\",\"hu\",\"hy\",\"id\",\"it\",\"ko\",\"lt\",\"lv\",\"nb\",\"nl\",\"pl\",\"pt-BR\",\"pt-PT\",\"ro\",\"ru\",\"sh\",\"sk\",\"sl\",\"sq\",\"sr\",\"sv\",\"ta\",\"tg\",\"tr\",\"uk\",\"vi\"]","time":"2020-10-29T08:13:17.206Z","v":0}
{"name":"log","hostname":"Chronos","pid":6306,"level":30,"msg":"spellcheck: setting languages to:  [\"it\"]","time":"2020-10-29T08:13:17.206Z","v":0}
{"name":"log","hostname":"Chronos","pid":6306,"level":30,"msg":"Begin ensuring permissions","time":"2020-10-29T08:13:17.251Z","v":0}
{"name":"log","hostname":"Chronos","pid":6306,"level":30,"msg":"Ensuring file permissions for 2 files","time":"2020-10-29T08:13:17.328Z","v":0}
{"name":"log","hostname":"Chronos","pid":6306,"level":30,"msg":"Finish ensuring permissions in 80ms","time":"2020-10-29T08:13:17.333Z","v":0}
{"name":"log","hostname":"Chronos","pid":6306,"level":30,"msg":"Updating BrowserWindow config: {\"maximized\":false,\"autoHideMenuBar\":true,\"fullscreen\":false,\"width\":1027,\"height\":1027,\"x\":19,\"y\":34}","time":"2020-10-29T08:13:17.755Z","v":0}
{"name":"log","hostname":"Chronos","pid":6306,"level":30,"msg":"config/set: Saving ephemeral config to disk","time":"2020-10-29T08:13:17.756Z","v":0}
{"name":"log","hostname":"Chronos","pid":6306,"level":30,"msg":"Updating BrowserWindow config: {\"maximized\":false,\"autoHideMenuBar\":true,\"fullscreen\":false,\"width\":835,\"height\":1027,\"x\":1066,\"y\":34}","time":"2020-10-29T08:13:18.994Z","v":0}
{"name":"log","hostname":"Chronos","pid":6306,"level":30,"msg":"config/set: Saving ephemeral config to disk","time":"2020-10-29T08:13:18.994Z","v":0}
{"name":"log","hostname":"Chronos","pid":6306,"level":30,"time":"2020-10-29T08:13:20.769Z","msg":"x-attr dependncy did not load successfully","v":0}
{"name":"log","hostname":"Chronos","pid":6306,"level":30,"time":"2020-10-29T08:13:20.885Z","msg":"preload complete","v":0}
{"name":"log","hostname":"Chronos","pid":6306,"level":30,"time":"2020-10-29T08:13:21.927Z","msg":"pre-main prep time: 5 ms","v":0}
{"name":"log","hostname":"Chronos","pid":6306,"level":30,"time":"2020-10-29T08:13:22.277Z","msg":"background page reloaded","v":0}
{"name":"log","hostname":"Chronos","pid":6306,"level":30,"time":"2020-10-29T08:13:22.277Z","msg":"environment: production","v":0}
{"name":"log","hostname":"Chronos","pid":6306,"level":30,"time":"2020-10-29T08:13:22.684Z","msg":"SQL channel job 1 (getItemById) succeeded in 405ms","v":0}
{"name":"log","hostname":"Chronos","pid":6306,"level":30,"time":"2020-10-29T08:13:22.684Z","msg":"Storage fetch","v":0}
{"name":"log","hostname":"Chronos","pid":6306,"level":30,"time":"2020-10-29T08:13:23.076Z","msg":"SQL channel job 2 (getAllItems) succeeded in 392ms","v":0}
{"name":"log","hostname":"Chronos","pid":6306,"level":30,"time":"2020-10-29T08:13:23.158Z","msg":"SQL channel job 3 (createOrUpdateItem) succeeded in 75ms","v":0}
{"name":"log","hostname":"Chronos","pid":6306,"level":30,"time":"2020-10-29T08:13:23.184Z","msg":"SQL channel job 4 (createOrUpdateItem) succeeded in 25ms","v":0}
{"name":"log","hostname":"Chronos","pid":6306,"level":30,"time":"2020-10-29T08:13:23.200Z","msg":"SQL channel job 5 (createOrUpdateItem) succeeded in 41ms","v":0}
{"name":"log","hostname":"Chronos","pid":6306,"level":30,"time":"2020-10-29T08:13:23.201Z","msg":"Starting background data migration. Target version: 10","v":0}
{"name":"log","hostname":"Chronos","pid":6306,"level":30,"time":"2020-10-29T08:13:23.211Z","msg":"GET https://textsecure-service.whispersystems.org/v1/config","v":0}
{"name":"log","hostname":"Chronos","pid":6306,"level":30,"time":"2020-10-29T08:13:23.234Z","msg":"ConversationController: starting initial fetch","v":0}
{"name":"log","hostname":"Chronos","pid":6306,"level":30,"time":"2020-10-29T08:13:23.258Z","msg":"SQL channel job 6 (getAllConversations) succeeded in 22ms","v":0}
{"name":"log","hostname":"Chronos","pid":6306,"level":30,"time":"2020-10-29T08:13:23.290Z","msg":"ConversationController: done with initial fetch","v":0}
{"name":"log","hostname":"Chronos","pid":6306,"level":30,"time":"2020-10-29T08:13:23.291Z","msg":"SQL channel job 7 (getAllStickerPacks) succeeded in 53ms","v":0}
{"name":"log","hostname":"Chronos","pid":6306,"level":30,"time":"2020-10-29T08:13:23.292Z","msg":"SQL channel job 8 (getAllStickers) succeeded in 54ms","v":0}
{"name":"log","hostname":"Chronos","pid":6306,"level":30,"time":"2020-10-29T08:13:23.294Z","msg":"SQL channel job 12 (getItemById) succeeded in 54ms","v":0}
{"name":"log","hostname":"Chronos","pid":6306,"level":30,"time":"2020-10-29T08:13:23.295Z","msg":"SQL channel job 13 (getAllIdentityKeys) succeeded in 54ms","v":0}
{"name":"log","hostname":"Chronos","pid":6306,"level":30,"time":"2020-10-29T08:13:23.295Z","msg":"SignalProtocolStore: Finished caching identityKeys data","v":0}
{"name":"log","hostname":"Chronos","pid":6306,"level":30,"time":"2020-10-29T08:13:23.296Z","msg":"SQL channel job 14 (getAllSessions) succeeded in 55ms","v":0}
{"name":"log","hostname":"Chronos","pid":6306,"level":30,"time":"2020-10-29T08:13:23.296Z","msg":"SignalProtocolStore: Finished caching sessions data","v":0}
{"name":"log","hostname":"Chronos","pid":6306,"level":30,"time":"2020-10-29T08:13:23.297Z","msg":"SQL channel job 9 (getRecentStickers) succeeded in 59ms","v":0}
{"name":"log","hostname":"Chronos","pid":6306,"level":30,"time":"2020-10-29T08:13:23.298Z","msg":"SQL channel job 10 (getRecentEmojis) succeeded in 59ms","v":0}
{"name":"log","hostname":"Chronos","pid":6306,"level":30,"time":"2020-10-29T08:13:23.299Z","msg":"SQL channel job 11 (getItemById) succeeded in 59ms","v":0}
{"name":"log","hostname":"Chronos","pid":6306,"level":30,"time":"2020-10-29T08:13:23.318Z","msg":"SignalProtocolStore: Finished caching preKeys data","v":0}
{"name":"log","hostname":"Chronos","pid":6306,"level":30,"time":"2020-10-29T08:13:23.318Z","msg":"SQL channel job 16 (getAllSignedPreKeys) succeeded in 22ms","v":0}
{"name":"log","hostname":"Chronos","pid":6306,"level":30,"time":"2020-10-29T08:13:23.319Z","msg":"SignalProtocolStore: Finished caching signedPreKeys data","v":0}
{"name":"log","hostname":"Chronos","pid":6306,"level":30,"time":"2020-10-29T08:13:23.320Z","msg":"checkForConflicts: starting...","v":0}
{"name":"log","hostname":"Chronos","pid":6306,"level":30,"time":"2020-10-29T08:13:23.320Z","msg":"checkForConflicts: complete!","v":0}
{"name":"log","hostname":"Chronos","pid":6306,"level":30,"time":"2020-10-29T08:13:23.326Z","msg":"Cleanup: starting...","v":0}
{"name":"log","hostname":"Chronos","pid":6306,"level":30,"time":"2020-10-29T08:13:23.327Z","msg":"Initializing network observer every 5000ms","v":0}
{"name":"log","hostname":"Chronos","pid":6306,"level":30,"time":"2020-10-29T08:13:23.331Z","msg":"Cleanup: Found 0 messages for cleanup","v":0}
{"name":"log","hostname":"Chronos","pid":6306,"level":30,"time":"2020-10-29T08:13:23.331Z","msg":"Cleanup: complete","v":0}
{"name":"log","hostname":"Chronos","pid":6306,"level":30,"time":"2020-10-29T08:13:23.331Z","msg":"listening for registration events","v":0}
{"name":"log","hostname":"Chronos","pid":6306,"level":30,"time":"2020-10-29T08:13:23.346Z","msg":"connect {\"connectCount\":0}","v":0}
{"name":"log","hostname":"Chronos","pid":6306,"level":30,"time":"2020-10-29T08:13:23.348Z","msg":"GET https://textsecure-service.whispersystems.org/v1/config","v":0}
{"name":"log","hostname":"Chronos","pid":6306,"level":30,"time":"2020-10-29T08:13:23.352Z","msg":"open inbox","v":0}
{"name":"log","hostname":"Chronos","pid":6306,"level":30,"time":"2020-10-29T08:13:23.539Z","msg":"SQL channel job 18 (getNextExpiringMessage) succeeded in 197ms","v":0}
{"name":"log","hostname":"Chronos","pid":6306,"level":30,"time":"2020-10-29T08:13:23.540Z","msg":"SQL channel job 19 (getNextTapToViewMessageToAgeOut) succeeded in 197ms","v":0}
{"name":"log","hostname":"Chronos","pid":6306,"level":30,"time":"2020-10-29T08:13:23.995Z","msg":"GET https://textsecure-service.whispersystems.org/v1/config 200 Success","v":0}
{"name":"log","hostname":"Chronos","pid":6306,"level":30,"time":"2020-10-29T08:13:24.018Z","msg":"SQL channel job 20 (createOrUpdateItem) succeeded in 22ms","v":0}
{"name":"log","hostname":"Chronos","pid":6306,"level":30,"time":"2020-10-29T08:13:24.099Z","msg":"GET https://textsecure-service.whispersystems.org/v1/config 200 Success","v":0}
{"name":"log","hostname":"Chronos","pid":6306,"level":30,"time":"2020-10-29T08:13:24.100Z","msg":"Initializing socket and listening for messages","v":0}
{"name":"log","hostname":"Chronos","pid":6306,"level":30,"time":"2020-10-29T08:13:24.103Z","msg":"getAllFromCache","v":0}
{"name":"log","hostname":"Chronos","pid":6306,"level":30,"time":"2020-10-29T08:13:24.104Z","msg":"opening message socket https://textsecure-service.whispersystems.org","v":0}
{"name":"log","hostname":"Chronos","pid":6306,"level":30,"time":"2020-10-29T08:13:24.111Z","msg":"initializeGroupCredentialFetcher: starting...","v":0}
{"name":"log","hostname":"Chronos","pid":6306,"level":30,"time":"2020-10-29T08:13:24.112Z","msg":"maybeFetchCredentials: fetching credentials for 18571 through 18571","v":0}
{"name":"log","hostname":"Chronos","pid":6306,"level":30,"time":"2020-10-29T08:13:24.121Z","msg":"GET https://textsecure-service.whispersystems.org/v1/certificate/group/18571/18571","v":0}
{"name":"log","hostname":"Chronos","pid":6306,"level":30,"time":"2020-10-29T08:13:24.124Z","msg":"attachment_downloads/start: enabling","v":0}
{"name":"log","hostname":"Chronos","pid":6306,"level":30,"time":"2020-10-29T08:13:24.128Z","msg":"Start idle detector","v":0}
{"name":"log","hostname":"Chronos","pid":6306,"level":30,"time":"2020-10-29T08:13:24.143Z","msg":"SQL channel job 21 (createOrUpdateItem) succeeded in 44ms","v":0}
{"name":"log","hostname":"Chronos","pid":6306,"level":30,"time":"2020-10-29T08:13:24.144Z","msg":"SQL channel job 22 (getUnprocessedCount) succeeded in 41ms","v":0}
{"name":"log","hostname":"Chronos","pid":6306,"level":30,"time":"2020-10-29T08:13:24.145Z","msg":"SQL channel job 23 (resetAttachmentDownloadPending) succeeded in 21ms","v":0}
{"name":"log","hostname":"Chronos","pid":6306,"level":30,"time":"2020-10-29T08:13:24.149Z","msg":"getAllFromCache loaded 0 saved envelopes","v":0}
{"name":"log","hostname":"Chronos","pid":6306,"level":30,"time":"2020-10-29T08:13:24.159Z","msg":"PUT https://textsecure-service.whispersystems.org/v1/messages/[REDACTED]912","v":0}
{"name":"log","hostname":"Chronos","pid":6306,"level":30,"time":"2020-10-29T08:13:24.287Z","msg":"GET https://textsecure-service.whispersystems.org/v1/certificate/group/18571/18571 200 Success","v":0}
{"name":"log","hostname":"Chronos","pid":6306,"level":30,"time":"2020-10-29T08:13:24.301Z","msg":"maybeFetchCredentials: Saving new credentials...","v":0}
{"name":"log","hostname":"Chronos","pid":6306,"level":30,"time":"2020-10-29T08:13:24.301Z","msg":"maybeFetchCredentials: Save complete.","v":0}
{"name":"log","hostname":"Chronos","pid":6306,"level":30,"time":"2020-10-29T08:13:24.301Z","msg":"SQL channel job 26 (createOrUpdateItem) succeeded in 33ms","v":0}
{"name":"log","hostname":"Chronos","pid":6306,"level":30,"time":"2020-10-29T08:13:24.312Z","msg":"PUT https://textsecure-service.whispersystems.org/v1/messages/[REDACTED]912 200 Success","v":0}
{"name":"log","hostname":"Chronos","pid":6306,"level":30,"time":"2020-10-29T08:13:24.321Z","msg":"SQL channel job 27 (createOrUpdateItem) succeeded in 19ms","v":0}
{"name":"log","hostname":"Chronos","pid":6306,"level":30,"time":"2020-10-29T08:13:24.681Z","msg":"SQL channel job 28 (createOrUpdateSessions) succeeded in 24ms","v":0}
{"name":"log","hostname":"Chronos","pid":6306,"level":30,"time":"2020-10-29T08:13:24.709Z","msg":"websocket open","v":0}
{"name":"log","hostname":"Chronos","pid":6306,"level":30,"time":"2020-10-29T08:13:24.951Z","msg":"SQL channel job 29 (saveUnprocesseds) succeeded in 21ms","v":0}
{"name":"log","hostname":"Chronos","pid":6306,"level":30,"time":"2020-10-29T08:13:24.955Z","msg":"queueing envelope [REDACTED]912.1 1603917689030 (98a4b4130099445d9584d67c0a38aaa7)","v":0}
{"name":"log","hostname":"Chronos","pid":6306,"level":30,"time":"2020-10-29T08:13:24.957Z","msg":"message from [REDACTED]912.1 1603917689030 (98a4b4130099445d9584d67c0a38aaa7)","v":0}
{"name":"log","hostname":"Chronos","pid":6306,"level":30,"time":"2020-10-29T08:13:24.958Z","msg":"queueing envelope [REDACTED]912.1 1603955166592 (36c111fd3d0d443592acc8caa6f51298)","v":0}
{"name":"log","hostname":"Chronos","pid":6306,"level":30,"time":"2020-10-29T08:13:24.968Z","msg":"contact sync","v":0}
{"name":"log","hostname":"Chronos","pid":6306,"level":30,"time":"2020-10-29T08:13:24.973Z","msg":"GET https://cdn2.signal.org/attachments/[REDACTED]euB","v":0}
{"name":"log","hostname":"Chronos","pid":6306,"level":30,"time":"2020-10-29T08:13:24.977Z","msg":"message from [REDACTED]912.1 1603955166592 (36c111fd3d0d443592acc8caa6f51298)","v":0}
{"name":"log","hostname":"Chronos","pid":6306,"level":30,"time":"2020-10-29T08:13:24.984Z","msg":"contact sync","v":0}
{"name":"log","hostname":"Chronos","pid":6306,"level":30,"time":"2020-10-29T08:13:24.985Z","msg":"GET https://cdn2.signal.org/attachments/[REDACTED]Lvk","v":0}
{"name":"log","hostname":"Chronos","pid":6306,"level":30,"time":"2020-10-29T08:13:25.153Z","msg":"got request PUT /api/v1/queue/empty","v":0}
{"name":"log","hostname":"Chronos","pid":6306,"level":30,"time":"2020-10-29T08:13:25.156Z","msg":"MessageReceiver: finished processing messages after 'empty', now waiting for application","v":0}
{"name":"log","hostname":"Chronos","pid":6306,"level":30,"time":"2020-10-29T08:13:25.156Z","msg":"MessageReceiver: emitting 'empty' event","v":0}
{"name":"log","hostname":"Chronos","pid":6306,"level":30,"msg":"updater/start: Updates disabled - not starting new version checks","time":"2020-10-29T08:13:25.236Z","v":0}
{"name":"log","hostname":"Chronos","pid":6306,"level":30,"time":"2020-10-29T08:13:25.191Z","msg":"SQL channel job 30 (createOrUpdateSessions) succeeded in 34ms","v":0}
{"name":"log","hostname":"Chronos","pid":6306,"level":30,"time":"2020-10-29T08:13:25.213Z","msg":"SQL channel job 31 (updateUnprocessedsWithData) succeeded in 55ms","v":0}
{"name":"log","hostname":"Chronos","pid":6306,"level":30,"time":"2020-10-29T08:13:25.232Z","msg":"SQL channel job 32 (removeUnprocessed) succeeded in 73ms","v":0}
{"name":"log","hostname":"Chronos","pid":6306,"level":30,"time":"2020-10-29T08:13:25.233Z","msg":"onEmpty: All outstanding database requests complete","v":0}
{"name":"log","hostname":"Chronos","pid":6306,"level":30,"time":"2020-10-29T08:13:25.233Z","msg":"Next signed key rotation scheduled for 2020-10-30T14:16:54.390Z","v":0}
{"name":"log","hostname":"Chronos","pid":6306,"level":30,"time":"2020-10-29T08:13:25.234Z","msg":"refreshSenderCertificate: Getting new certificate...","v":0}
{"name":"log","hostname":"Chronos","pid":6306,"level":30,"time":"2020-10-29T08:13:25.235Z","msg":"GET https://textsecure-service.whispersystems.org/v1/certificate/delivery?includeUuid=true","v":0}
{"name":"log","hostname":"Chronos","pid":6306,"level":30,"time":"2020-10-29T08:13:25.383Z","msg":"GET https://textsecure-service.whispersystems.org/v1/certificate/delivery?includeUuid=true 200 Success","v":0}
{"name":"log","hostname":"Chronos","pid":6306,"level":30,"time":"2020-10-29T08:13:25.388Z","msg":"Next sender certificate refresh scheduled for 2020-10-30T08:13:25.388Z","v":0}
{"name":"log","hostname":"Chronos","pid":6306,"level":30,"time":"2020-10-29T08:13:25.389Z","msg":"refreshOurProfile","v":0}
{"name":"log","hostname":"Chronos","pid":6306,"level":30,"time":"2020-10-29T08:13:25.397Z","msg":"GET https://textsecure-service.whispersystems.org/v1/profile/[REDACTED]912/[REDACTED]d25 (unauth)","v":0}
{"name":"log","hostname":"Chronos","pid":6306,"level":30,"time":"2020-10-29T08:13:25.408Z","msg":"SQL channel job 33 (createOrUpdateItem) succeeded in 22ms","v":0}
{"name":"log","hostname":"Chronos","pid":6306,"level":30,"time":"2020-10-29T08:13:26.359Z","msg":"GET https://cdn2.signal.org/attachments/[REDACTED]euB 200 Success","v":0}
{"name":"log","hostname":"Chronos","pid":6306,"level":30,"time":"2020-10-29T08:13:26.361Z","msg":"SQL channel job 34 (saveUnprocesseds) succeeded in 289ms","v":0}
{"name":"log","hostname":"Chronos","pid":6306,"level":30,"time":"2020-10-29T08:13:26.363Z","msg":"GET https://cdn2.signal.org/attachments/[REDACTED]Lvk 200 Success","v":0}
{"name":"log","hostname":"Chronos","pid":6306,"level":30,"time":"2020-10-29T08:13:26.364Z","msg":"queueing envelope [REDACTED]912.1 1603959204446 (8157d059fddb4d80ac691e897b33b88e)","v":0}
{"name":"log","hostname":"Chronos","pid":6306,"level":30,"time":"2020-10-29T08:13:26.365Z","msg":"message from [REDACTED]912.1 1603959204446 (8157d059fddb4d80ac691e897b33b88e)","v":0}
{"name":"log","hostname":"Chronos","pid":6306,"level":30,"time":"2020-10-29T08:13:26.365Z","msg":"New remote ephemeral key","v":0}
{"name":"log","hostname":"Chronos","pid":6306,"level":30,"time":"2020-10-29T08:13:26.407Z","msg":"GET https://textsecure-service.whispersystems.org/v1/profile/[REDACTED]912/[REDACTED]d25 200 Success","v":0}
{"name":"log","hostname":"Chronos","pid":6306,"level":30,"time":"2020-10-29T08:13:26.415Z","msg":"Setting sealedSender to ENABLED for conversation [REDACTED]912 ([REDACTED]78c)","v":0}
{"name":"log","hostname":"Chronos","pid":6306,"level":30,"time":"2020-10-29T08:13:26.445Z","msg":"handleContacts: finished","v":0}
{"name":"log","hostname":"Chronos","pid":6306,"level":30,"time":"2020-10-29T08:13:26.447Z","msg":"handleContacts: finished","v":0}
{"name":"log","hostname":"Chronos","pid":6306,"level":30,"time":"2020-10-29T08:13:26.455Z","msg":"got verified sync for +[REDACTED]718 [REDACTED]a9c DEFAULT via contact sync","v":0}
{"name":"log","hostname":"Chronos","pid":6306,"level":30,"time":"2020-10-29T08:13:26.457Z","msg":"Got sync message with our own profile key","v":0}
{"name":"log","hostname":"Chronos","pid":6306,"level":30,"time":"2020-10-29T08:13:26.472Z","msg":"got verified sync for +[REDACTED]718 [REDACTED]a9c DEFAULT via contact sync","v":0}
{"name":"log","hostname":"Chronos","pid":6306,"level":30,"time":"2020-10-29T08:13:26.472Z","msg":"Got sync message with our own profile key","v":0}
{"name":"log","hostname":"Chronos","pid":6306,"level":30,"time":"2020-10-29T08:13:26.477Z","msg":"SQL channel job 35 (createOrUpdateItem) succeeded in 19ms","v":0}
{"name":"log","hostname":"Chronos","pid":6306,"level":30,"time":"2020-10-29T08:13:26.485Z","msg":"got keys sync message","v":0}
{"name":"log","hostname":"Chronos","pid":6306,"level":30,"time":"2020-10-29T08:13:26.486Z","msg":"onKeysSync: received keys","v":0}
{"name":"log","hostname":"Chronos","pid":6306,"level":30,"time":"2020-10-29T08:13:26.497Z","msg":"SQL channel job 36 (createOrUpdateItem) succeeded in 24ms","v":0}
{"name":"log","hostname":"Chronos","pid":6306,"level":30,"time":"2020-10-29T08:13:26.515Z","msg":"SQL channel job 37 (createOrUpdateItem) succeeded in 29ms","v":0}
{"name":"log","hostname":"Chronos","pid":6306,"level":30,"time":"2020-10-29T08:13:26.987Z","msg":"storageService.sync: starting...","v":0}
{"name":"log","hostname":"Chronos","pid":6306,"level":30,"time":"2020-10-29T08:13:26.988Z","msg":"storageService.fetchManifest","v":0}
{"name":"log","hostname":"Chronos","pid":6306,"level":30,"time":"2020-10-29T08:13:26.989Z","msg":"GET https://textsecure-service.whispersystems.org/v1/storage/auth","v":0}
{"name":"log","hostname":"Chronos","pid":6306,"level":30,"time":"2020-10-29T08:13:27.001Z","msg":"SQL channel job 38 (updateConversations) succeeded in 25ms","v":0}
{"name":"log","hostname":"Chronos","pid":6306,"level":30,"time":"2020-10-29T08:13:27.020Z","msg":"SQL channel job 39 (createOrUpdateSessions) succeeded in 37ms","v":0}
{"name":"log","hostname":"Chronos","pid":6306,"level":30,"time":"2020-10-29T08:13:27.038Z","msg":"SQL channel job 40 (updateUnprocessedsWithData) succeeded in 54ms","v":0}
{"name":"log","hostname":"Chronos","pid":6306,"level":30,"time":"2020-10-29T08:13:27.056Z","msg":"SQL channel job 41 (removeUnprocessed) succeeded in 70ms","v":0}
{"name":"log","hostname":"Chronos","pid":6306,"level":30,"time":"2020-10-29T08:13:27.133Z","msg":"GET https://textsecure-service.whispersystems.org/v1/storage/auth 200 Success","v":0}
{"name":"log","hostname":"Chronos","pid":6306,"level":30,"time":"2020-10-29T08:13:27.135Z","msg":"GET https://storage.signal.org/v1/storage/manifest/version/6","v":0}
{"name":"log","hostname":"Chronos","pid":6306,"level":30,"time":"2020-10-29T08:13:27.154Z","msg":"SQL channel job 42 (createOrUpdateItem) succeeded in 21ms","v":0}
{"name":"log","hostname":"Chronos","pid":6306,"level":30,"time":"2020-10-29T08:13:27.429Z","msg":"GET https://storage.signal.org/v1/storage/manifest/version/6 204 Success","v":0}
{"name":"log","hostname":"Chronos","pid":6306,"level":30,"time":"2020-10-29T08:13:27.429Z","msg":"storageService.fetchManifest: nothing changed","v":0}
{"name":"log","hostname":"Chronos","pid":6306,"level":30,"time":"2020-10-29T08:13:27.429Z","msg":"storageService.sync: no new manifest","v":0}
{"name":"log","hostname":"Chronos","pid":6306,"level":30,"time":"2020-10-29T08:13:52.972Z","msg":"Removing notification","v":0}
{"name":"log","hostname":"Chronos","pid":6306,"level":30,"time":"2020-10-29T08:13:53.710Z","msg":"open inbox","v":0}
{"name":"log","hostname":"Chronos","pid":6306,"level":30,"time":"2020-10-29T08:13:53.940Z","msg":"GET https://textsecure-service.whispersystems.org/v1/profile/[REDACTED]912/[REDACTED]d25 (unauth)","v":0}
{"name":"log","hostname":"Chronos","pid":6306,"level":30,"time":"2020-10-29T08:13:53.971Z","msg":"SQL channel job 43 (getMessageMetricsForConversation) succeeded in 128ms","v":0}
{"name":"log","hostname":"Chronos","pid":6306,"level":30,"time":"2020-10-29T08:13:54.000Z","msg":"SQL channel job 44 (getLastConversationPreview) succeeded in 156ms","v":0}
{"name":"log","hostname":"Chronos","pid":6306,"level":30,"time":"2020-10-29T08:13:54.005Z","msg":"SQL channel job 45 (getLastConversationActivity) succeeded in 159ms","v":0}
{"name":"log","hostname":"Chronos","pid":6306,"level":30,"time":"2020-10-29T08:13:54.041Z","msg":"SQL channel job 46 (getOlderMessagesByConversation) succeeded in 68ms","v":0}
{"name":"log","hostname":"Chronos","pid":6306,"level":30,"time":"2020-10-29T08:13:55.568Z","msg":"SQL channel job 47 (getMessageById) succeeded in 165ms","v":0}
{"name":"log","hostname":"Chronos","pid":6306,"level":30,"time":"2020-10-29T08:13:55.584Z","msg":"Next signed key rotation scheduled for 2020-10-30T14:16:54.390Z","v":0}
{"name":"log","hostname":"Chronos","pid":6306,"level":30,"time":"2020-10-29T08:13:55.782Z","msg":"SQL channel job 48 (getUnreadByConversation) succeeded in 212ms","v":0}
{"name":"log","hostname":"Chronos","pid":6306,"level":30,"time":"2020-10-29T08:13:55.791Z","msg":"SQL channel job 49 (updateConversations) succeeded in 206ms","v":0}
{"name":"log","hostname":"Chronos","pid":6306,"level":30,"time":"2020-10-29T08:13:55.802Z","msg":"GET https://textsecure-service.whispersystems.org/v1/profile/[REDACTED]912/[REDACTED]d25 200 Success","v":0}
{"name":"log","hostname":"Chronos","pid":6306,"level":30,"time":"2020-10-29T08:13:56.405Z","msg":"Setting sealedSender to ENABLED for conversation [REDACTED]912 ([REDACTED]78c)","v":0}
{"name":"log","hostname":"Chronos","pid":6306,"level":30,"time":"2020-10-29T08:13:56.410Z","msg":"SQL channel job 50 (getMessageById) succeeded in 50ms","v":0}
{"name":"log","hostname":"Chronos","pid":6306,"level":30,"time":"2020-10-29T08:13:56.462Z","msg":"SQL channel job 51 (updateConversations) succeeded in 54ms","v":0}
{"name":"log","hostname":"Chronos","pid":6306,"level":30,"time":"2020-10-29T08:13:56.463Z","msg":"SQL channel job 52 (getUnreadByConversation) succeeded in 51ms","v":0}
{"name":"log","hostname":"Chronos","pid":6306,"level":30,"time":"2020-10-29T08:13:57.003Z","msg":"SQL channel job 55 (updateConversations) succeeded in 28ms","v":0}
{"name":"log","hostname":"Chronos","pid":6306,"level":30,"time":"2020-10-29T08:14:20.545Z","msg":"Sending a keepalive message","v":0}
{"name":"log","hostname":"Chronos","pid":6306,"level":30,"time":"2020-10-29T08:15:15.714Z","msg":"Sending a keepalive message","v":0}
{"name":"log","hostname":"Chronos","pid":6306,"level":30,"time":"2020-10-29T08:15:26.366Z","msg":"getAllFromCache","v":0}
{"name":"log","hostname":"Chronos","pid":6306,"level":30,"time":"2020-10-29T08:15:26.381Z","msg":"getAllFromCache loaded 0 saved envelopes","v":0}
{"name":"log","hostname":"Chronos","pid":6306,"level":30,"time":"2020-10-29T08:16:02.632Z","msg":"Removing notification","v":0}
{"name":"log","hostname":"Chronos","pid":6306,"level":30,"msg":"Updating BrowserWindow config: {\"maximized\":false,\"autoHideMenuBar\":true,\"fullscreen\":false,\"width\":835,\"height\":1027,\"x\":-1673,\"y\":34}","time":"2020-10-29T08:16:03.360Z","v":0}
{"name":"log","hostname":"Chronos","pid":6306,"level":30,"msg":"config/set: Saving ephemeral config to disk","time":"2020-10-29T08:16:03.360Z","v":0}
{"name":"log","hostname":"Chronos","pid":6306,"level":30,"time":"2020-10-29T08:16:10.856Z","msg":"Sending a keepalive message","v":0}
{"name":"log","hostname":"Chronos","pid":6306,"level":30,"time":"2020-10-29T08:17:06.003Z","msg":"Sending a keepalive message","v":0}
{"name":"log","hostname":"Chronos","pid":6306,"level":30,"time":"2020-10-29T08:18:04.015Z","msg":"Sending a keepalive message","v":0}
{"name":"log","hostname":"Chronos","pid":6306,"level":30,"time":"2020-10-29T08:18:09.015Z","msg":"websocket closed 1006 Connection dropped by remote peer. calledClose: ","v":0}
{"name":"log","hostname":"Chronos","pid":6306,"level":30,"time":"2020-10-29T08:18:09.018Z","msg":"GET https://textsecure-service.whispersystems.org/v1/devices","v":0}
{"name":"log","hostname":"Chronos","pid":6306,"level":30,"time":"2020-10-29T08:18:09.771Z","msg":"GET https://textsecure-service.whispersystems.org/v1/devices 200 Success","v":0}
{"name":"log","hostname":"Chronos","pid":6306,"level":30,"time":"2020-10-29T08:18:09.773Z","msg":"opening message socket https://textsecure-service.whispersystems.org","v":0}
{"name":"log","hostname":"Chronos","pid":6306,"level":30,"time":"2020-10-29T08:18:10.429Z","msg":"websocket open","v":0}
{"name":"log","hostname":"Chronos","pid":6306,"level":30,"time":"2020-10-29T08:18:10.435Z","msg":"got request PUT /api/v1/queue/empty","v":0}
{"name":"log","hostname":"Chronos","pid":6306,"level":30,"time":"2020-10-29T08:18:10.438Z","msg":"MessageReceiver: finished processing messages after 'empty', now waiting for application","v":0}
{"name":"log","hostname":"Chronos","pid":6306,"level":30,"time":"2020-10-29T08:18:10.438Z","msg":"MessageReceiver: emitting 'empty' event","v":0}
{"name":"log","hostname":"Chronos","pid":6306,"level":30,"time":"2020-10-29T08:18:10.440Z","msg":"onEmpty: All outstanding database requests complete","v":0}
{"name":"log","hostname":"Chronos","pid":6306,"level":30,"time":"2020-10-29T08:18:10.440Z","msg":"Rotate signed prekey listener: Already initialized","v":0}
{"name":"log","hostname":"Chronos","pid":6306,"level":30,"time":"2020-10-29T08:19:05.437Z","msg":"Sending a keepalive message","v":0}
{"name":"log","hostname":"Chronos","pid":6306,"level":30,"time":"2020-10-29T08:20:00.589Z","msg":"Sending a keepalive message","v":0}
{"name":"log","hostname":"Chronos","pid":6306,"level":30,"time":"2020-10-29T08:20:10.439Z","msg":"getAllFromCache","v":0}
{"name":"log","hostname":"Chronos","pid":6306,"level":30,"time":"2020-10-29T08:20:10.443Z","msg":"getAllFromCache loaded 0 saved envelopes","v":0}
{"name":"log","hostname":"Chronos","pid":6306,"level":30,"time":"2020-10-29T08:20:55.748Z","msg":"Sending a keepalive message","v":0}
{"name":"log","hostname":"Chronos","pid":6306,"level":30,"time":"2020-10-29T08:21:50.899Z","msg":"Sending a keepalive message","v":0}
{"name":"log","hostname":"Chronos","pid":6306,"level":30,"time":"2020-10-29T08:22:46.049Z","msg":"Sending a keepalive message","v":0}
{"name":"log","hostname":"Chronos","pid":6306,"level":30,"time":"2020-10-29T08:23:41.253Z","msg":"Sending a keepalive message","v":0}
{"name":"log","hostname":"Chronos","pid":6306,"level":30,"time":"2020-10-29T08:24:36.408Z","msg":"Sending a keepalive message","v":0}
{"name":"log","hostname":"Chronos","pid":6306,"level":30,"time":"2020-10-29T08:25:31.566Z","msg":"Sending a keepalive message","v":0}
{"name":"log","hostname":"Chronos","pid":6306,"level":30,"time":"2020-10-29T08:26:26.747Z","msg":"Sending a keepalive message","v":0}
{"name":"log","hostname":"Chronos","pid":6306,"level":30,"msg":"Updating BrowserWindow config: {\"maximized\":false,\"autoHideMenuBar\":true,\"fullscreen\":false,\"width\":931,\"height\":1027,\"x\":970,\"y\":34}","time":"2020-10-29T08:27:07.914Z","v":0}
{"name":"log","hostname":"Chronos","pid":6306,"level":30,"msg":"config/set: Saving ephemeral config to disk","time":"2020-10-29T08:27:07.915Z","v":0}
{"name":"log","hostname":"Chronos","pid":6306,"level":30,"time":"2020-10-29T08:27:07.685Z","msg":"Removing notification","v":0}
{"name":"log","hostname":"Chronos","pid":6306,"level":30,"time":"2020-10-29T08:27:08.985Z","msg":"SQL channel job 73 (getMessageById) succeeded in 595ms","v":0}
{"name":"log","hostname":"Chronos","pid":6306,"level":30,"time":"2020-10-29T08:27:09.020Z","msg":"SQL channel job 74 (getUnreadByConversation) succeeded in 34ms","v":0}
{"name":"log","hostname":"Chronos","pid":6306,"level":30,"time":"2020-10-29T08:27:09.988Z","msg":"SQL channel job 77 (updateConversations) succeeded in 26ms","v":0}
{"name":"log","hostname":"Chronos","pid":6306,"level":30,"time":"2020-10-29T08:27:21.956Z","msg":"Sending a keepalive message","v":0}
{"name":"log","hostname":"Chronos","pid":6306,"level":30,"time":"2020-10-29T08:27:25.491Z","msg":"SQL channel job 79 (getMessageById) succeeded in 175ms","v":0}
{"name":"log","hostname":"Chronos","pid":6306,"level":30,"time":"2020-10-29T08:27:25.533Z","msg":"SQL channel job 80 (removeMessage) succeeded in 41ms","v":0}
{"name":"log","hostname":"Chronos","pid":6306,"level":30,"time":"2020-10-29T08:27:26.205Z","msg":"SQL channel job 81 (getLastConversationPreview) succeeded in 48ms","v":0}
{"name":"log","hostname":"Chronos","pid":6306,"level":30,"time":"2020-10-29T08:27:26.206Z","msg":"SQL channel job 82 (getLastConversationActivity) succeeded in 49ms","v":0}
{"name":"log","hostname":"Chronos","pid":6306,"level":30,"time":"2020-10-29T08:27:26.445Z","msg":"SQL channel job 83 (updateConversations) succeeded in 245ms","v":0}
{"name":"log","hostname":"Chronos","pid":6306,"level":30,"time":"2020-10-29T08:27:26.632Z","msg":"SQL channel job 84 (getMessageById) succeeded in 13ms","v":0}
{"name":"log","hostname":"Chronos","pid":6306,"level":30,"time":"2020-10-29T08:27:27.164Z","msg":"SQL channel job 86 (updateConversations) succeeded in 27ms","v":0}
{"name":"log","hostname":"Chronos","pid":6306,"level":30,"msg":"close event {\"shouldQuit\":false}","time":"2020-10-29T08:27:30.555Z","v":0}
{"name":"log","hostname":"Chronos","pid":6306,"level":30,"msg":"requestShutdown: Requesting close of mainWindow...","time":"2020-10-29T08:27:30.557Z","v":0}
{"name":"log","hostname":"Chronos","pid":6306,"level":30,"time":"2020-10-29T08:27:30.562Z","msg":"background/shutdown","v":0}
{"name":"log","hostname":"Chronos","pid":6306,"level":30,"time":"2020-10-29T08:27:30.562Z","msg":"attachment_downloads/stop: disabling","v":0}
{"name":"log","hostname":"Chronos","pid":6306,"level":30,"time":"2020-10-29T08:27:30.562Z","msg":"Stop idle detector","v":0}
{"name":"log","hostname":"Chronos","pid":6306,"level":30,"time":"2020-10-29T08:27:30.563Z","msg":"MessageReceiver: stopProcessing requested","v":0}
{"name":"log","hostname":"Chronos","pid":6306,"level":30,"time":"2020-10-29T08:27:30.563Z","msg":"MessageReceiver.close()","v":0}
{"name":"log","hostname":"Chronos","pid":6306,"level":30,"time":"2020-10-29T08:27:30.563Z","msg":"WebSocketResource.close()","v":0}
{"name":"log","hostname":"Chronos","pid":6306,"level":30,"time":"2020-10-29T08:27:30.567Z","msg":"drained","v":0}
{"name":"log","hostname":"Chronos","pid":6306,"level":30,"time":"2020-10-29T08:27:30.568Z","msg":"MessageReceiver: unregister batchers","v":0}
{"name":"log","hostname":"Chronos","pid":6306,"level":30,"msg":"requestShutdown: Response received","time":"2020-10-29T08:27:30.586Z","v":0}
{"name":"log","hostname":"Chronos","pid":6306,"level":30,"msg":"before-quit event {\"readyForShutdown\":true,\"shouldQuit\":false}","time":"2020-10-29T08:27:30.587Z","v":0}
{"name":"log","hostname":"Chronos","pid":6306,"level":30,"msg":"close event {\"readyForShutdown\":true,\"shouldQuit\":true}","time":"2020-10-29T08:27:30.587Z","v":0}
