giu 01 15:19:11 host=smtp.gmail.com tls=on auth=on user=marcovannucci99@gmail.com from=marcovannucci99@gmail.com recipients=bindi@studiobv.it mailsize=1200 smtpstatus=250 smtpmsg='250 2.0.0 OK  1591017551 d13sm12000521wmb.39 - gsmtp' exitcode=EX_OK
giu 01 16:39:52 host=smtp.gmail.com tls=on auth=on user=marcovannucci99@gmail.com from=marcovannucci99@gmail.com recipients=bindi@studiobv.it mailsize=1573 smtpstatus=250 smtpmsg='250 2.0.0 OK  1591022392 a124sm12958498wmh.4 - gsmtp' exitcode=EX_OK
giu 01 17:44:17 host=smtp.gmail.com tls=on auth=on user=marcovannucci99@gmail.com from=marcovannucci99@gmail.com recipients=bindi@studiobv.it mailsize=320380 smtpstatus=250 smtpmsg='250 2.0.0 OK  1591026257 n1sm21172109wrp.10 - gsmtp' exitcode=EX_OK
giu 01 19:29:33 host=smtp.gmail.com tls=on auth=on user=marcovannucci99@gmail.com from=marcovannucci99@gmail.com recipients=bindi@studiobv.it mailsize=1117 smtpstatus=250 smtpmsg='250 2.0.0 OK  1591032573 d16sm21721wmd.42 - gsmtp' exitcode=EX_OK
giu 01 19:46:23 host=smtp.gmail.com tls=on auth=on user=marcovannucci99@gmail.com from=marcovannucci99@gmail.com recipients=bindi@studiobv.it mailsize=319 smtpstatus=250 smtpmsg='250 2.0.0 OK  1591033583 u3sm90426wmg.38 - gsmtp' exitcode=EX_OK
giu 01 19:51:10 host=smtp.gmail.com tls=on auth=on user=marcovannucci99@gmail.com from=marcovannucci99@gmail.com recipients=silvia.bindi@legalmail.it mailsize=1097 smtpstatus=250 smtpmsg='250 2.0.0 OK  1591033870 r4sm235329wro.32 - gsmtp' exitcode=EX_OK
giu 02 14:57:36 host=smtp.gmail.com tls=on auth=on user=marcovannucci99@gmail.com from=marcovannucci99@gmail.com recipients=bindi@studiobv.it mailsize=405 smtpstatus=250 smtpmsg='250 2.0.0 OK  1591102655 g3sm4283245wrb.46 - gsmtp' exitcode=EX_OK
giu 02 15:10:46 host=smtp.office365.com tls=on auth=on user=marcovannucci99@outlook.it from=marcovannucci99@outlook.it recipients=bindi@studiobv.it mailsize=301 smtpstatus=250 smtpmsg='250 2.0.0 OK <AM0PR01MB6515E8AEE2A94BF17CA40CAED98B0@AM0PR01MB6515.eurprd01.prod.exchangelabs.com> [Hostname=AM0PR01MB6515.eurprd01.prod.exchangelabs.com]' exitcode=EX_OK
giu 02 15:11:18 host=smtp.office365.com tls=on auth=on user=s1081589@studenti.univpm.it from=s1081589@studenti.univpm.it recipients=bindi@studiobv.it mailsize=307 smtpstatus=250 smtpmsg='250 2.0.0 OK <20200602131115.tjzg5wozouj4fhhk@Chronos.localdomain> [Hostname=VI1PR04MB4270.eurprd04.prod.outlook.com]' exitcode=EX_OK
giu 02 17:25:34 host=smtp.gmail.com tls=on auth=on user=marcovannucci99@gmail.com from=marcovannucci99@gmail.com recipients=bindi@studiobv.it mailsize=316 smtpstatus=250 smtpmsg='250 2.0.0 OK  1591111534 j4sm104912wma.7 - gsmtp' exitcode=EX_OK
giu 05 12:31:14 host=smtp.gmail.com tls=on auth=on user=marcovannucci99@gmail.com from=marcovannucci99@gmail.com recipients=vannucci@studiobv.it mailsize=764 smtpstatus=250 smtpmsg='250 2.0.0 OK  1591353074 a126sm10947199wme.28 - gsmtp' exitcode=EX_OK
giu 06 18:09:49 host=smtp.gmail.com tls=on auth=on user=marcovannucci99@gmail.com from=marcovannucci99@gmail.com recipients=vannucci@studiobv.it errormsg='cannot locate host smtp.gmail.com: Errore temporaneo nella risoluzione del nome' exitcode=EX_NOHOST
giu 06 18:11:01 host=smtp.gmail.com tls=on auth=on user=marcovannucci99@gmail.com from=marcovannucci99@gmail.com recipients=vannucci@studiobv.it mailsize=151593 smtpstatus=250 smtpmsg='250 2.0.0 OK  1591459861 b19sm20734101wmj.0 - gsmtp' exitcode=EX_OK
giu 08 10:51:18 host=smtp.gmail.com tls=on auth=on user=marcovannucci99@gmail.com from=marcovannucci99@gmail.com recipients=giammaria.dj@gmail.com mailsize=170013 smtpstatus=250 smtpmsg='250 2.0.0 OK  1591606278 k3sm11913623edi.60 - gsmtp' exitcode=EX_OK
giu 08 17:23:04 host=smtp.gmail.com tls=on auth=on user=marcovannucci99@gmail.com from=marcovannucci99@gmail.com recipients=filippodominici46@gmail.com mailsize=44692 smtpstatus=250 smtpmsg='250 2.0.0 OK  1591629784 s14sm10979806ejd.111 - gsmtp' exitcode=EX_OK
giu 12 14:22:30 host=smtp.gmail.com tls=on auth=on user=marcovannucci99@gmail.com from=marcovannucci99@gmail.com recipients=vannucci@studiobv.it mailsize=334 smtpstatus=250 smtpmsg='250 2.0.0 OK  1591964550 j16sm11528955wre.21 - gsmtp' exitcode=EX_OK
giu 12 14:54:20 host=smtp.office365.com tls=on auth=on user=s1081589@studenti.univpm.it from=s1081589@studenti.univpm.it recipients=e.gioia@staff.univpm.it mailsize=170049 smtpstatus=250 smtpmsg='250 2.0.0 OK <20200612125415.azf7xnxqinoqcp42@Chronos.localdomain> [Hostname=VI1PR04MB4270.eurprd04.prod.outlook.com]' exitcode=EX_OK
giu 15 12:55:07 host=smtp.office365.com tls=on auth=on user=s1081589@studenti.univpm.it from=s1081589@studenti.univpm.it recipients=e.gioia@univpm.it mailsize=1542 smtpstatus=250 smtpmsg='250 2.0.0 OK <20200615105504.xosq22nwkgtked2z@Chronos.localdomain> [Hostname=VI1PR04MB4270.eurprd04.prod.outlook.com]' exitcode=EX_OK
giu 19 11:18:00 host=smtp.gmail.com tls=on auth=on user=marcovannucci99@gmail.com from=marcovannucci99@gmail.com recipients=vannucci@studiobv.it mailsize=339 smtpstatus=250 smtpmsg='250 2.0.0 OK  1592558280 m30sm4181269eda.16 - gsmtp' exitcode=EX_OK
giu 19 11:20:23 host=smtp.gmail.com tls=on auth=on user=marcovannucci99@gmail.com from=marcovannucci99@gmail.com recipients=vannucci@studiobv.it mailsize=46918 smtpstatus=250 smtpmsg='250 2.0.0 OK  1592558423 k23sm4264118ejg.89 - gsmtp' exitcode=EX_OK
giu 19 11:35:22 host=smtp.office365.com tls=on auth=on user=s1081589@studenti.univpm.it from=s1081589@studenti.univpm.it recipients=a.negri@staff.univpm.it mailsize=58983 smtpstatus=250 smtpmsg='250 2.0.0 OK <20200619093516.so5645vz5r43hheg@Chronos.localdomain> [Hostname=VI1PR04MB4270.eurprd04.prod.outlook.com]' exitcode=EX_OK
giu 19 12:19:38 host=smtp.office365.com tls=on auth=on user=s1081589@studenti.univpm.it from=s1081589@studenti.univpm.it recipients=a.negri@staff.univpm.it mailsize=13237 smtpstatus=250 smtpmsg='250 2.0.0 OK <20200619101935.wls4ujs4myz4xpsa@Chronos.localdomain> [Hostname=VI1PR04MB4270.eurprd04.prod.outlook.com]' exitcode=EX_OK
giu 24 11:47:56 host=smtp.office365.com tls=on auth=on user=s1081589@studenti.univpm.it from=s1081589@studenti.univpm.it recipients=e.rastelli@univpm.it mailsize=1480 smtpstatus=250 smtpmsg='250 2.0.0 OK <20200624094718.qrvdlzyzqpd4w4ho@Chronos.localdomain> [Hostname=VI1PR04MB4270.eurprd04.prod.outlook.com]' exitcode=EX_OK
giu 25 10:23:48 host=smtp.gmail.com tls=on auth=on user=marcovannucci99@gmail.com from=marcovannucci99@gmail.com recipients=vannucci@studiobv.it mailsize=307 smtpstatus=250 smtpmsg='250 2.0.0 OK  1593073428 o9sm30086000wrs.1 - gsmtp' exitcode=EX_OK
giu 25 10:24:25 host=smtp.gmail.com tls=on auth=on user=marcovannucci99@gmail.com from=marcovannucci99@gmail.com recipients=vannucci@studiobv.it mailsize=97634 smtpstatus=250 smtpmsg='250 2.0.0 OK  1593073465 f186sm11136032wmf.29 - gsmtp' exitcode=EX_OK
lug 03 15:20:54 host=smtp.gmail.com tls=on auth=on user=marcovannucci99@gmail.com from=marcovannucci99@gmail.com recipients=giammaria.dj@gmail.com mailsize=306 smtpstatus=250 smtpmsg='250 2.0.0 OK  1593782454 o8sm9496576ejj.102 - gsmtp' exitcode=EX_OK
lug 07 12:10:20 host=smtp.office365.com tls=on auth=on user=s1081589@studenti.univpm.it from=s1081589@studenti.univpm.it recipients=marco.grifi@gmail.com mailsize=171580 smtpstatus=250 smtpmsg='250 2.0.0 OK <20200707101014.owwstzk7y5xv3osy@Chronos.localdomain> [Hostname=DB7PR04MB4266.eurprd04.prod.outlook.com]' exitcode=EX_OK
lug 07 12:10:51 host=smtp.office365.com tls=on auth=on user=s1081589@studenti.univpm.it from=s1081589@studenti.univpm.it recipients=marco.grifi@gmail.com mailsize=4711 smtpstatus=250 smtpmsg='250 2.0.0 OK <20200707101049.fmik465hybpajtz5@Chronos.localdomain> [Hostname=DB7PR04MB4266.eurprd04.prod.outlook.com]' exitcode=EX_OK
lug 09 16:50:52 host=smtp.gmail.com tls=on auth=on user=marcovannucci99@gmail.com from=marcovannucci99@gmail.com recipients=vannucci@studiobv.it mailsize=534 smtpstatus=250 smtpmsg='250 2.0.0 OK  1594306252 d13sm5813547wrn.61 - gsmtp' exitcode=EX_OK
lug 14 11:51:35 host=smtp.gmail.com tls=on auth=on user=marcovannucci99@gmail.com from=marcovannucci99@gmail.com recipients=enskat@sport-net-gmbh.de mailsize=1946 smtpstatus=250 smtpmsg='250 2.0.0 OK  1594720295 h10sm13733839edz.31 - gsmtp' exitcode=EX_OK
lug 14 12:53:22 host=smtp.gmail.com tls=on auth=on user=marcovannucci99@gmail.com from=marcovannucci99@gmail.com recipients=vannucci@studiobv.it mailsize=496 smtpstatus=250 smtpmsg='250 2.0.0 OK  1594724002 dt22sm12653871ejc.104 - gsmtp' exitcode=EX_OK
lug 24 12:18:24 host=smtp.office365.com tls=on auth=on user=s1081589@studenti.univpm.it from=s1081589@studenti.univpm.it recipients=brenda.mosca@outlook.it mailsize=433 smtpstatus=250 smtpmsg='250 2.0.0 OK <20200724101821.gty5hygvafjav3ye@Chronos.localdomain> [Hostname=VI1PR04MB4270.eurprd04.prod.outlook.com]' exitcode=EX_OK
lug 27 10:21:48 host=smtp.gmail.com tls=on auth=on user=marcovannucci99@gmail.com from=marcovannucci99@gmail.com recipients=IT-TNT-import@fedex.com mailsize=1813 smtpstatus=250 smtpmsg='250 2.0.0 OK  1595838108 u66sm9400644wmu.37 - gsmtp' exitcode=EX_OK
lug 27 13:22:54 host=smtp.gmail.com tls=on auth=on user=marcovannucci99@gmail.com from=marcovannucci99@gmail.com recipients=IT-TNT-import@fedex.com mailsize=13716 smtpstatus=250 smtpmsg='250 2.0.0 OK  1595848974 g18sm13230156wru.27 - gsmtp' exitcode=EX_OK
ago 07 17:12:11 host=smtp.gmail.com tls=on auth=on user=marcovannucci99@gmail.com from=marcovannucci99@gmail.com recipients=bindi@studiobv.it mailsize=707969 smtpstatus=250 smtpmsg='250 2.0.0 OK  1596813131 r19sm5683679edi.85 - gsmtp' exitcode=EX_OK
ago 31 10:05:00 host=smtp.gmail.com tls=on auth=on user=marcovannucci99@gmail.com from=marcovannucci99@gmail.com recipients=Merygio45@gmail.com mailsize=649 smtpstatus=250 smtpmsg='250 2.0.0 OK  1598861100 j7sm8369176wrs.11 - gsmtp' exitcode=EX_OK
set 05 15:09:49 host=smtp.gmail.com tls=on auth=on user=marcovannucci99@gmail.com from=marcovannucci99@gmail.com recipients=vannucci@studiobv.it mailsize=1127384 smtpstatus=250 smtpmsg='250 2.0.0 OK  1599311388 i17sm8758533ejy.79 - gsmtp' exitcode=EX_OK
set 14 10:05:56 host=smtp.gmail.com tls=on auth=on user=marcovannucci99@gmail.com from=marcovannucci99@gmail.com recipients=giammaria.dj@gmail.com mailsize=45705 smtpstatus=250 smtpmsg='250 2.0.0 OK  1600070756 lr14sm7134986ejb.0 - gsmtp' exitcode=EX_OK
set 15 09:48:23 host=smtp.gmail.com tls=on auth=on user=marcovannucci99@gmail.com from=marcovannucci99@gmail.com recipients=riccardo.rudilosso@gmail.com mailsize=986 smtpstatus=250 smtpmsg='250 2.0.0 OK  1600156103 z23sm9571793eja.29 - gsmtp' exitcode=EX_OK
set 15 16:15:34 host=smtp.office365.com tls=on auth=on user=s1081589@studenti.univpm.it from=s1081589@studenti.univpm.it recipients=a.negri@univpm.it mailsize=871 smtpstatus=250 smtpmsg='250 2.0.0 OK <20200915141530.6l3hjcipuc7trxy4@Chronos.localdomain> [Hostname=DB7PR04MB4266.eurprd04.prod.outlook.com]' exitcode=EX_OK
set 17 12:24:59 host=smtp.gmail.com tls=on auth=on user=marcovannucci99@gmail.com from=marcovannucci99@gmail.com recipients=vannucci@studiobv.it mailsize=533101 smtpstatus=250 smtpmsg='250 2.0.0 OK  1600338299 185sm11294469wma.18 - gsmtp' exitcode=EX_OK
set 22 10:39:52 host=smtp.office365.com tls=on auth=on user=s1081589@studenti.univpm.it from=s1081589@studenti.univpm.it recipients=a.negri@staff.univpm.it mailsize=2265 smtpstatus=250 smtpmsg='250 2.0.0 OK <20200922083948.maq4bvu4pu4aepfn@Chronos.localdomain> [Hostname=VI1PR04MB4270.eurprd04.prod.outlook.com]' exitcode=EX_OK
set 22 10:42:40 host=smtp.office365.com tls=on auth=on user=s1081589@studenti.univpm.it from=s1081589@studenti.univpm.it recipients=a.negri@staff.univpm.it mailsize=3395 smtpstatus=250 smtpmsg='250 2.0.0 OK <20200922084237.lk26j6ukvoyv2wwy@Chronos.localdomain> [Hostname=VI1PR04MB4270.eurprd04.prod.outlook.com]' exitcode=EX_OK
set 24 10:03:13 host=smtp.gmail.com tls=on auth=on user=marcovannucci99@gmail.com from=marcovannucci99@gmail.com recipients=bindi@studiobv.it mailsize=591344 smtpstatus=250 smtpmsg='250 2.0.0 OK  1600934593 k8sm1759102ejz.60 - gsmtp' exitcode=EX_OK
set 27 18:14:55 host=smtp.gmail.com tls=on auth=on user=marcovannucci99@gmail.com from=marcovannucci99@gmail.com recipients=vannucci@studiobv.it mailsize=63354 smtpstatus=250 smtpmsg='250 2.0.0 OK  1601223295 o6sm7676041edh.40 - gsmtp' exitcode=EX_OK
set 30 09:59:33 host=smtp.gmail.com tls=on auth=on user=marcovannucci99@gmail.com from=marcovannucci99@gmail.com recipients=vannucci@studiobv.it mailsize=697 smtpstatus=250 smtpmsg='250 2.0.0 OK  1601452773 91sm1559431wrq.9 - gsmtp' exitcode=EX_OK
set 30 10:32:27 host=smtp.office365.com tls=on auth=on user=s1081589@studenti.univpm.it from=s1081589@studenti.univpm.it recipients=didattica.scienze@univpm.it mailsize=1280472 smtpstatus=250 smtpmsg='250 2.0.0 OK <20200930083200.b2wh5tvhkpeptf4x@Chronos.localdomain> [Hostname=DB7PR04MB4266.eurprd04.prod.outlook.com]' exitcode=EX_OK
set 30 10:50:10 host=smtp.office365.com tls=on auth=on user=s1081589@studenti.univpm.it from=s1081589@studenti.univpm.it recipients=m.ferraioli@staff.univpm.it mailsize=2309241 smtpstatus=250 smtpmsg='250 2.0.0 OK <20200930084906.xkjsro4x42rne5s2@Chronos.localdomain> [Hostname=DB7PR04MB4266.eurprd04.prod.outlook.com]' exitcode=EX_OK
ott 07 14:17:01 host=smtp.office365.com tls=on auth=on user=s1081589@studenti.univpm.it from=s1081589@studenti.univpm.it recipients=e.giorgini@univpm.it mailsize=712 smtpstatus=250 smtpmsg='250 2.0.0 OK <20201007121652.vtlcj4qr4oldxkwm@Chronos.localdomain> [Hostname=VI1PR04MB4270.eurprd04.prod.outlook.com]' exitcode=EX_OK
ott 09 15:48:46 host=smtp.gmail.com tls=on auth=on user=marcovannucci99@gmail.com from=marcovannucci99@gmail.com recipients=vannucci@studiobv.it mailsize=7824895 smtpstatus=250 smtpmsg='250 2.0.0 OK  1602251326 a27sm6554384ejb.67 - gsmtp' exitcode=EX_OK
ott 15 17:04:47 host=smtp.gmail.com tls=on auth=on user=marcovannucci99@gmail.com from=marcovannucci99@gmail.com recipients=bindi@studiobv.it mailsize=32445 smtpstatus=250 smtpmsg='250 2.0.0 OK  1602774287 64sm5054766wmd.3 - gsmtp' exitcode=EX_OK
ott 16 10:20:58 host=smtp.office365.com tls=on auth=on user=s1081589@studenti.univpm.it from=s1081589@studenti.univpm.it recipients=p.principi@univpm.it mailsize=557 smtpstatus=250 smtpmsg='250 2.0.0 OK <20201016082055.qeko55kafqyuvss6@Chronos.localdomain> [Hostname=VI1PR04MB4270.eurprd04.prod.outlook.com]' exitcode=EX_OK
ott 28 09:26:49 host=smtp.office365.com tls=on auth=on user=s1081589@studenti.univpm.it from=s1081589@studenti.univpm.it recipients=p.principi@staff.univpm.it mailsize=520 smtpstatus=250 smtpmsg='250 2.0.0 OK <20201028082647.y75ossr2n3xvl2uz@Chronos.localdomain> [Hostname=VI1PR04MB4270.eurprd04.prod.outlook.com]' exitcode=EX_OK
ott 28 09:29:31 host=smtp.office365.com tls=on auth=on user=s1081589@studenti.univpm.it from=s1081589@studenti.univpm.it recipients=f.toseroni@staff.univpm.it mailsize=468 smtpstatus=250 smtpmsg='250 2.0.0 OK <20201028082929.7mog5fjvtvteo44t@Chronos.localdomain> [Hostname=VI1PR04MB4270.eurprd04.prod.outlook.com]' exitcode=EX_OK
ott 28 10:11:23 host=smtp.office365.com tls=on auth=on user=s1081589@studenti.univpm.it from=s1081589@studenti.univpm.it recipients=e.gioia@univpm.it mailsize=706 smtpstatus=250 smtpmsg='250 2.0.0 OK <20201028091120.3v6rlqdjpkcvytog@Chronos.localdomain> [Hostname=VI1PR04MB4270.eurprd04.prod.outlook.com]' exitcode=EX_OK
ott 28 11:22:41 host=smtp.office365.com tls=on auth=on user=s1081589@studenti.univpm.it from=s1081589@studenti.univpm.it recipients=e.gioia@staff.univpm.it mailsize=2126 smtpstatus=250 smtpmsg='250 2.0.0 OK <20201028102238.u5rsfauer5sf5ezk@Chronos.localdomain> [Hostname=VI1PR04MB4270.eurprd04.prod.outlook.com]' exitcode=EX_OK
ott 28 11:26:43 host=smtp.office365.com tls=on auth=on user=s1081589@studenti.univpm.it from=s1081589@studenti.univpm.it recipients=fulviotoseroni@hotmail.it mailsize=2083 smtpstatus=250 smtpmsg='250 2.0.0 OK <20201028102619.xh4lzzk6q6ebdyj7@Chronos.localdomain> [Hostname=VI1PR04MB4270.eurprd04.prod.outlook.com]' exitcode=EX_OK
ott 30 12:07:07 host=smtp.gmail.com tls=on auth=on user=marcovannucci99@gmail.com from=marcovannucci99@gmail.com recipients=marco.grifi@gmail.com errormsg='cannot locate host smtp.gmail.com: Errore temporaneo nella risoluzione del nome' exitcode=EX_NOHOST
ott 30 12:07:22 host=smtp.gmail.com tls=on auth=on user=marcovannucci99@gmail.com from=marcovannucci99@gmail.com recipients=marco.grifi@gmail.com errormsg='cannot locate host smtp.gmail.com: Errore temporaneo nella risoluzione del nome' exitcode=EX_NOHOST
ott 30 12:09:05 host=smtp.gmail.com tls=on auth=on user=marcovannucci99@gmail.com from=marcovannucci99@gmail.com recipients=marco.grifi@gmail.com mailsize=111813 smtpstatus=250 smtpmsg='250 2.0.0 OK  1604056145 24sm4105047wmf.44 - gsmtp' exitcode=EX_OK
