0 info it worked if it ends with ok
1 verbose cli [
1 verbose cli   '/usr/bin/node',
1 verbose cli   '/usr/bin/npm',
1 verbose cli   'run',
1 verbose cli   'sync',
1 verbose cli   '--',
1 verbose cli   '--all',
1 verbose cli   '--run_hooks',
1 verbose cli   '--run_sync'
1 verbose cli ]
2 info using npm@6.14.4
3 info using node@v13.12.0
4 verbose run-script [ 'presync', 'sync', 'postsync' ]
5 info lifecycle brave@1.5.115~presync: brave@1.5.115
6 info lifecycle brave@1.5.115~sync: brave@1.5.115
7 verbose lifecycle brave@1.5.115~sync: unsafe-perm in lifecycle true
8 verbose lifecycle brave@1.5.115~sync: PATH: /usr/lib/node_modules/npm/node_modules/npm-lifecycle/node-gyp-bin:/home/marco/.cache/yay/brave/src/brave-browser/node_modules/.bin:/home/marco/.cache/yay/brave/src/bin:/usr/local/sbin:/usr/local/bin:/usr/bin:/usr/lib/jvm/default/bin:/usr/bin/site_perl:/usr/bin/vendor_perl:/usr/bin/core_perl
9 verbose lifecycle brave@1.5.115~sync: CWD: /home/marco/.cache/yay/brave/src/brave-browser
10 silly lifecycle brave@1.5.115~sync: Args: [ '-c', 'node ./scripts/sync.js "--all" "--run_hooks" "--run_sync"' ]
11 silly lifecycle brave@1.5.115~sync: Returned: code: 1  signal: null
12 info lifecycle brave@1.5.115~sync: Failed to exec sync script
13 verbose stack Error: brave@1.5.115 sync: `node ./scripts/sync.js "--all" "--run_hooks" "--run_sync"`
13 verbose stack Exit status 1
13 verbose stack     at EventEmitter.<anonymous> (/usr/lib/node_modules/npm/node_modules/npm-lifecycle/index.js:332:16)
13 verbose stack     at EventEmitter.emit (events.js:315:20)
13 verbose stack     at ChildProcess.<anonymous> (/usr/lib/node_modules/npm/node_modules/npm-lifecycle/lib/spawn.js:55:14)
13 verbose stack     at ChildProcess.emit (events.js:315:20)
13 verbose stack     at maybeClose (internal/child_process.js:1026:16)
13 verbose stack     at Process.ChildProcess._handle.onexit (internal/child_process.js:286:5)
14 verbose pkgid brave@1.5.115
15 verbose cwd /home/marco/.cache/yay/brave/src/brave-browser
16 verbose Linux 5.5.13-arch1-1
17 verbose argv "/usr/bin/node" "/usr/bin/npm" "run" "sync" "--" "--all" "--run_hooks" "--run_sync"
18 verbose node v13.12.0
19 verbose npm  v6.14.4
20 error code ELIFECYCLE
21 error errno 1
22 error brave@1.5.115 sync: `node ./scripts/sync.js "--all" "--run_hooks" "--run_sync"`
22 error Exit status 1
23 error Failed at the brave@1.5.115 sync script.
23 error This is probably not a problem with npm. There is likely additional logging output above.
24 verbose exit [ 1, true ]
